[22:09:52] 
============================================================
[22:09:52]   ISTE KAGGLE ROYALE รป ML PIPELINE START
[22:09:52] ============================================================
[22:09:52] 

========== STEP 1: DATA INGESTION & VALIDATION ==========
[22:09:56]   train=(1428000, 15), test=(400000, 14), pb=(20000, 8)
[22:09:56]   deck_archetypes=(12, 12), balance_patches=(14, 4)
[22:09:56] 
==================================================
[22:09:56]   VALIDATING: matches_train  shape=(1428000, 15)
[22:09:56] ==================================================
Traceback (most recent call last):
  File "C:\Users\aadit\Documents\vs code\kaggle-royale\pipeline.py", line 828, in <module>
    main()
  File "C:\Users\aadit\Documents\vs code\kaggle-royale\pipeline.py", line 742, in main
    train_raw, test_raw, pb, da, bp, ss = load_and_validate_all()
  File "C:\Users\aadit\Documents\vs code\kaggle-royale\pipeline.py", line 134, in load_and_validate_all
    validate_dataframe(train, "matches_train", pk_col="match_id")
  File "C:\Users\aadit\Documents\vs code\kaggle-royale\pipeline.py", line 97, in validate_dataframe
    log(f"  \u26a0\ufe0f  Missing values:\n{missing.to_string()}")
  File "C:\Users\aadit\Documents\vs code\kaggle-royale\pipeline.py", line 54, in log
    print(line)
  File "C:\Users\aadit\AppData\Local\Programs\Python\Python310\lib\encodings\cp1252.py", line 19, in encode
    return codecs.charmap_encode(input,self.errors,encoding_table)[0]
UnicodeEncodeError: 'charmap' codec can't encode characters in position 13-14: character maps to <undefined>
